2020-10-01 17:35:21,840 - ISM - INFO     - Start of the Instrument Module
2020-10-01 17:35:21,984 - ISM - INFO     - Start of BAND VNIR-0
2020-10-01 17:35:21,985 - ISM - INFO     - EODP-ALG-ISM-1000: Optical stage
2020-10-01 17:35:21,986 - ISM - INFO     - EODP-ALG-ISM-1010: Spectral modelling. ISRF
2020-10-01 18:23:21,728 - ISM - INFO     - Start of the Instrument Module
2020-10-01 18:26:06,148 - ISM - INFO     - Start of the Instrument Module
2020-10-01 18:31:24,456 - ISM - INFO     - Start of the Instrument Module
2020-10-01 18:36:26,507 - ISM - INFO     - Start of the Instrument Module
2020-10-01 22:55:11,205 - ISM - INFO     - Start of the Instrument Module
2020-10-01 22:55:41,110 - ISM - INFO     - Start of the Instrument Module
2020-10-01 23:01:49,063 - ISM - INFO     - Start of the Instrument Module
2020-10-01 23:02:07,203 - ISM - INFO     - Start of the Instrument Module
2020-10-01 23:05:50,288 - ISM - INFO     - Start of the Instrument Module
2020-10-01 23:06:59,655 - ISM - INFO     - Start of the Instrument Module
2020-10-01 23:16:17,360 - ISM - INFO     - Start of the Instrument Module
2020-10-08 18:59:28,752 - ISM - INFO     - Start of the Instrument Module
2020-10-08 18:59:28,980 - ISM - INFO     - Start of BAND VNIR-0
2020-10-08 18:59:28,986 - ISM - INFO     - EODP-ALG-ISM-1000: Optical stage
2020-10-08 18:59:28,987 - ISM - INFO     - EODP-ALG-ISM-1010: Spectral modelling. ISRF
2020-10-08 18:59:47,764 - ISM - DEBUG    - TOA [0,0] 0.0 [e-]
2020-10-08 18:59:47,772 - ISM - INFO     - EODP-ALG-ISM-1020: Radiances to Irradiances
2020-10-08 18:59:47,772 - ISM - DEBUG    - TOA [0,0] 0.0 [e-]
2020-10-08 18:59:47,773 - ISM - INFO     - EODP-ALG-ISM-1030: Spatial modelling. PSF/MTF
2020-10-08 18:59:47,773 - ISM - INFO     - Calculation of the System MTF
2020-10-08 18:59:47,773 - ISM - DEBUG    - Calculation of 2D relative frequencies
2020-10-08 22:53:19,616 - ISM - INFO     - Start of the Instrument Module
2020-10-08 22:53:19,806 - ISM - INFO     - Start of BAND VNIR-0
2020-10-08 22:53:19,809 - ISM - INFO     - EODP-ALG-ISM-1000: Optical stage
2020-10-08 22:53:19,810 - ISM - INFO     - EODP-ALG-ISM-1010: Spectral modelling. ISRF
2020-10-08 22:53:25,732 - ISM - DEBUG    - TOA [0,0] 0.0 [e-]
2020-10-08 22:53:25,741 - ISM - INFO     - EODP-ALG-ISM-1020: Radiances to Irradiances
2020-10-08 22:53:25,741 - ISM - DEBUG    - TOA [0,0] 0.0 [e-]
2020-10-08 22:53:25,741 - ISM - INFO     - EODP-ALG-ISM-1030: Spatial modelling. PSF/MTF
2020-10-08 22:53:25,741 - ISM - INFO     - Calculation of the System MTF
2020-10-08 22:53:25,741 - ISM - DEBUG    - Calculation of 2D relative frequencies
2020-10-08 22:53:25,743 - ISM - DEBUG    - Calculation of the diffraction MTF
2020-10-08 22:55:13,791 - ISM - INFO     - Start of the Instrument Module
2020-10-08 22:55:13,854 - ISM - INFO     - Start of BAND VNIR-0
2020-10-08 22:55:13,857 - ISM - INFO     - EODP-ALG-ISM-1000: Optical stage
2020-10-08 22:55:13,857 - ISM - INFO     - EODP-ALG-ISM-1010: Spectral modelling. ISRF
2020-10-08 22:55:19,868 - ISM - DEBUG    - TOA [0,0] 0.0 [e-]
2020-10-08 22:55:19,874 - ISM - INFO     - EODP-ALG-ISM-1020: Radiances to Irradiances
2020-10-08 22:55:19,875 - ISM - DEBUG    - TOA [0,0] 0.0 [e-]
2020-10-08 22:55:19,875 - ISM - INFO     - EODP-ALG-ISM-1030: Spatial modelling. PSF/MTF
2020-10-08 22:55:19,875 - ISM - INFO     - Calculation of the System MTF
2020-10-08 22:55:19,875 - ISM - DEBUG    - Calculation of 2D relative frequencies
2020-10-08 22:55:19,876 - ISM - DEBUG    - Calculation of the diffraction MTF
2020-10-08 22:58:42,288 - ISM - INFO     - Start of the Instrument Module
2020-10-08 22:58:42,370 - ISM - INFO     - Start of BAND VNIR-0
2020-10-08 22:58:42,373 - ISM - INFO     - EODP-ALG-ISM-1000: Optical stage
2020-10-08 22:58:42,373 - ISM - INFO     - EODP-ALG-ISM-1010: Spectral modelling. ISRF
2020-10-08 22:58:48,538 - ISM - DEBUG    - TOA [0,0] 0.0 [e-]
2020-10-08 22:58:48,541 - ISM - INFO     - EODP-ALG-ISM-1020: Radiances to Irradiances
2020-10-08 22:58:48,542 - ISM - DEBUG    - TOA [0,0] 0.0 [e-]
2020-10-08 22:58:48,542 - ISM - INFO     - EODP-ALG-ISM-1030: Spatial modelling. PSF/MTF
2020-10-08 22:58:48,542 - ISM - INFO     - Calculation of the System MTF
2020-10-08 22:58:48,542 - ISM - DEBUG    - Calculation of 2D relative frequencies
2020-10-08 22:58:48,543 - ISM - DEBUG    - Calculation of the diffraction MTF
2020-10-08 22:59:34,688 - ISM - INFO     - Start of the Instrument Module
2020-10-08 22:59:34,761 - ISM - INFO     - Start of BAND VNIR-0
2020-10-08 22:59:34,763 - ISM - INFO     - EODP-ALG-ISM-1000: Optical stage
2020-10-08 22:59:34,763 - ISM - INFO     - EODP-ALG-ISM-1010: Spectral modelling. ISRF
2020-10-08 22:59:40,812 - ISM - DEBUG    - TOA [0,0] 0.0 [e-]
2020-10-08 22:59:40,816 - ISM - INFO     - EODP-ALG-ISM-1020: Radiances to Irradiances
2020-10-08 22:59:40,816 - ISM - DEBUG    - TOA [0,0] 0.0 [e-]
2020-10-08 22:59:40,816 - ISM - INFO     - EODP-ALG-ISM-1030: Spatial modelling. PSF/MTF
2020-10-08 22:59:40,816 - ISM - INFO     - Calculation of the System MTF
2020-10-08 22:59:40,817 - ISM - DEBUG    - Calculation of 2D relative frequencies
2020-10-08 22:59:40,817 - ISM - DEBUG    - Calculation of the diffraction MTF
2020-10-08 23:04:07,037 - ISM - INFO     - Start of the Instrument Module
2020-10-08 23:04:07,170 - ISM - INFO     - Start of BAND VNIR-0
2020-10-08 23:04:07,172 - ISM - INFO     - EODP-ALG-ISM-1000: Optical stage
2020-10-08 23:04:07,172 - ISM - INFO     - EODP-ALG-ISM-1010: Spectral modelling. ISRF
2020-10-08 23:04:13,490 - ISM - DEBUG    - TOA [0,0] 0.0 [e-]
2020-10-08 23:04:13,494 - ISM - INFO     - EODP-ALG-ISM-1020: Radiances to Irradiances
2020-10-08 23:04:13,494 - ISM - DEBUG    - TOA [0,0] 0.0 [e-]
2020-10-08 23:04:13,494 - ISM - INFO     - EODP-ALG-ISM-1030: Spatial modelling. PSF/MTF
2020-10-08 23:04:13,494 - ISM - INFO     - Calculation of the System MTF
2020-10-08 23:04:13,495 - ISM - DEBUG    - Calculation of 2D relative frequencies
2020-10-08 23:04:13,495 - ISM - DEBUG    - Calculation of the diffraction MTF
2020-10-09 15:58:50,140 - ISM - INFO     - Start of the Instrument Module
2020-10-09 15:58:50,426 - ISM - INFO     - Start of BAND VNIR-0
2020-10-09 15:58:50,430 - ISM - INFO     - EODP-ALG-ISM-1000: Optical stage
2020-10-09 15:58:50,430 - ISM - INFO     - EODP-ALG-ISM-1010: Spectral modelling. ISRF
2020-10-09 15:58:59,937 - ISM - DEBUG    - TOA [0,0] 0.0 [e-]
2020-10-09 15:58:59,949 - ISM - INFO     - EODP-ALG-ISM-1020: Radiances to Irradiances
2020-10-09 15:58:59,950 - ISM - DEBUG    - TOA [0,0] 0.0 [e-]
2020-10-09 15:58:59,950 - ISM - INFO     - EODP-ALG-ISM-1030: Spatial modelling. PSF/MTF
2020-10-09 15:58:59,951 - ISM - INFO     - Calculation of the System MTF
2020-10-09 15:58:59,951 - ISM - DEBUG    - Calculation of 2D relative frequencies
2020-10-09 15:58:59,953 - ISM - DEBUG    - Calculation of the diffraction MTF
2020-10-09 15:59:41,449 - ISM - INFO     - Start of the Instrument Module
2020-10-09 15:59:41,591 - ISM - INFO     - Start of BAND VNIR-0
2020-10-09 15:59:41,594 - ISM - INFO     - EODP-ALG-ISM-1000: Optical stage
2020-10-09 15:59:41,594 - ISM - INFO     - EODP-ALG-ISM-1010: Spectral modelling. ISRF
2020-10-09 15:59:51,354 - ISM - DEBUG    - TOA [0,0] 0.0 [e-]
2020-10-09 15:59:51,359 - ISM - INFO     - EODP-ALG-ISM-1020: Radiances to Irradiances
2020-10-09 15:59:51,360 - ISM - DEBUG    - TOA [0,0] 0.0 [e-]
2020-10-09 15:59:51,360 - ISM - INFO     - EODP-ALG-ISM-1030: Spatial modelling. PSF/MTF
2020-10-09 15:59:51,360 - ISM - INFO     - Calculation of the System MTF
2020-10-09 15:59:51,360 - ISM - DEBUG    - Calculation of 2D relative frequencies
2020-10-09 15:59:51,362 - ISM - DEBUG    - Calculation of the diffraction MTF
2020-10-09 16:42:36,064 - ISM - INFO     - Start of the Instrument Module
2020-10-09 16:42:36,392 - ISM - INFO     - Start of BAND VNIR-0
2020-10-09 16:42:36,397 - ISM - INFO     - EODP-ALG-ISM-1000: Optical stage
2020-10-09 16:42:36,398 - ISM - INFO     - EODP-ALG-ISM-1010: Spectral modelling. ISRF
2020-10-09 16:42:45,582 - ISM - DEBUG    - TOA [0,0] 0.0 [e-]
2020-10-09 16:42:45,590 - ISM - INFO     - EODP-ALG-ISM-1020: Radiances to Irradiances
2020-10-09 16:42:45,591 - ISM - DEBUG    - TOA [0,0] 0.0 [e-]
2020-10-09 16:42:45,591 - ISM - INFO     - EODP-ALG-ISM-1030: Spatial modelling. PSF/MTF
2020-10-09 16:42:45,591 - ISM - INFO     - Calculation of the System MTF
2020-10-09 16:42:45,591 - ISM - DEBUG    - Calculation of 2D relative frequencies
2020-10-09 16:42:45,593 - ISM - DEBUG    - Calculation of the diffraction MTF
2020-10-09 16:53:11,038 - ISM - INFO     - Start of the Instrument Module
2020-10-09 16:53:11,578 - ISM - INFO     - Start of BAND VNIR-0
2020-10-09 16:53:11,582 - ISM - INFO     - EODP-ALG-ISM-1000: Optical stage
2020-10-09 16:53:11,582 - ISM - INFO     - EODP-ALG-ISM-1010: Spectral modelling. ISRF
2020-10-09 16:53:21,841 - ISM - DEBUG    - TOA [0,0] 0.0 [e-]
2020-10-09 16:53:21,850 - ISM - INFO     - EODP-ALG-ISM-1020: Radiances to Irradiances
2020-10-09 16:53:21,851 - ISM - DEBUG    - TOA [0,0] 0.0 [e-]
2020-10-09 16:53:21,851 - ISM - INFO     - EODP-ALG-ISM-1030: Spatial modelling. PSF/MTF
2020-10-09 16:53:21,852 - ISM - INFO     - Calculation of the System MTF
2020-10-09 16:53:21,852 - ISM - DEBUG    - Calculation of 2D relative frequencies
2020-10-09 16:53:21,853 - ISM - DEBUG    - Calculation of the diffraction MTF
2020-10-12 18:59:53,350 - ISM - INFO     - Start of the Instrument Module
2020-10-12 18:59:53,487 - ISM - INFO     - Start of BAND VNIR-0
2020-10-12 18:59:53,488 - ISM - INFO     - EODP-ALG-ISM-1000: Optical stage
2020-10-12 18:59:53,488 - ISM - INFO     - EODP-ALG-ISM-1010: Spectral modelling. ISRF
2020-10-12 18:59:56,512 - ISM - DEBUG    - TOA [0,0] 0.0 [e-]
2020-10-12 18:59:56,518 - ISM - INFO     - EODP-ALG-ISM-1020: Radiances to Irradiances
2020-10-12 18:59:56,518 - ISM - DEBUG    - TOA [0,0] 0.0 [e-]
2020-10-12 18:59:56,518 - ISM - INFO     - EODP-ALG-ISM-1030: Spatial modelling. PSF/MTF
2020-10-12 18:59:56,518 - ISM - INFO     - Calculation of the System MTF
2020-10-12 18:59:56,518 - ISM - DEBUG    - Calculation of 2D relative frequencies
2020-10-12 18:59:56,519 - ISM - DEBUG    - Calculation of the diffraction MTF
2020-10-12 21:01:49,005 - ISM - INFO     - Start of the Instrument Module
2020-10-12 21:01:49,147 - ISM - INFO     - Start of BAND VNIR-0
2020-10-12 21:01:49,148 - ISM - INFO     - EODP-ALG-ISM-1000: Optical stage
2020-10-12 21:01:49,148 - ISM - INFO     - EODP-ALG-ISM-1010: Spectral modelling. ISRF
2020-10-12 21:01:52,236 - ISM - DEBUG    - TOA [0,0] 0.0 [e-]
2020-10-12 21:01:52,242 - ISM - INFO     - EODP-ALG-ISM-1020: Radiances to Irradiances
2020-10-12 21:01:52,242 - ISM - DEBUG    - TOA [0,0] 0.0 [e-]
2020-10-12 21:01:52,242 - ISM - INFO     - EODP-ALG-ISM-1030: Spatial modelling. PSF/MTF
2020-10-12 21:01:52,242 - ISM - INFO     - Calculation of the System MTF
2020-10-12 21:01:52,242 - ISM - DEBUG    - Calculation of 2D relative frequencies
2020-10-12 21:01:52,243 - ISM - DEBUG    - Calculation of the diffraction MTF
2020-10-12 21:03:21,704 - ISM - INFO     - Start of the Instrument Module
2020-10-12 21:03:21,751 - ISM - INFO     - Start of BAND VNIR-0
2020-10-12 21:03:21,752 - ISM - INFO     - EODP-ALG-ISM-1000: Optical stage
2020-10-12 21:03:21,752 - ISM - INFO     - EODP-ALG-ISM-1010: Spectral modelling. ISRF
2020-10-12 21:03:24,929 - ISM - DEBUG    - TOA [0,0] 0.0 [e-]
2020-10-12 21:03:24,930 - ISM - INFO     - EODP-ALG-ISM-1020: Radiances to Irradiances
2020-10-12 21:03:24,931 - ISM - DEBUG    - TOA [0,0] 0.0 [e-]
2020-10-12 21:03:24,931 - ISM - INFO     - EODP-ALG-ISM-1030: Spatial modelling. PSF/MTF
2020-10-12 21:03:24,931 - ISM - INFO     - Calculation of the System MTF
2020-10-12 21:03:24,931 - ISM - DEBUG    - Calculation of 2D relative frequencies
2020-10-12 21:03:24,932 - ISM - DEBUG    - Calculation of the diffraction MTF
2020-10-12 21:15:24,158 - ISM - INFO     - Start of the Instrument Module
2020-10-12 21:15:24,216 - ISM - INFO     - Start of BAND VNIR-0
2020-10-12 21:15:24,218 - ISM - INFO     - EODP-ALG-ISM-1000: Optical stage
2020-10-12 21:15:24,218 - ISM - INFO     - EODP-ALG-ISM-1010: Spectral modelling. ISRF
2020-10-12 21:15:27,251 - ISM - DEBUG    - TOA [0,0] 0.0 [e-]
2020-10-12 21:15:27,253 - ISM - INFO     - EODP-ALG-ISM-1020: Radiances to Irradiances
2020-10-12 21:15:27,253 - ISM - DEBUG    - TOA [0,0] 0.0 [e-]
2020-10-12 21:15:27,253 - ISM - INFO     - EODP-ALG-ISM-1030: Spatial modelling. PSF/MTF
2020-10-12 21:15:27,253 - ISM - INFO     - Calculation of the System MTF
2020-10-12 21:15:27,254 - ISM - DEBUG    - Calculation of 2D relative frequencies
2020-10-12 21:15:27,254 - ISM - DEBUG    - Calculation of the diffraction MTF
2020-10-12 21:20:13,335 - ISM - INFO     - Start of the Instrument Module
2020-10-12 21:20:13,420 - ISM - INFO     - Start of BAND VNIR-0
2020-10-12 21:20:13,421 - ISM - INFO     - EODP-ALG-ISM-1000: Optical stage
2020-10-12 21:20:13,421 - ISM - INFO     - EODP-ALG-ISM-1010: Spectral modelling. ISRF
2020-10-12 21:20:16,455 - ISM - DEBUG    - TOA [0,0] 0.0 [e-]
2020-10-12 21:20:16,457 - ISM - INFO     - EODP-ALG-ISM-1020: Radiances to Irradiances
2020-10-12 21:20:16,458 - ISM - DEBUG    - TOA [0,0] 0.0 [e-]
2020-10-12 21:20:16,458 - ISM - INFO     - EODP-ALG-ISM-1030: Spatial modelling. PSF/MTF
2020-10-12 21:20:16,458 - ISM - INFO     - Calculation of the System MTF
2020-10-12 21:20:16,458 - ISM - DEBUG    - Calculation of 2D relative frequencies
2020-10-12 21:20:16,459 - ISM - DEBUG    - Calculation of the diffraction MTF
2020-10-12 22:23:28,606 - ISM - INFO     - Start of the Instrument Module
2020-10-12 22:23:28,731 - ISM - INFO     - Start of BAND VNIR-0
2020-10-12 22:23:28,735 - ISM - INFO     - EODP-ALG-ISM-1000: Optical stage
2020-10-12 22:23:28,735 - ISM - INFO     - EODP-ALG-ISM-1010: Spectral modelling. ISRF
2020-10-12 22:23:35,066 - ISM - DEBUG    - TOA [0,0] 0.0 [e-]
2020-10-12 22:23:35,072 - ISM - INFO     - EODP-ALG-ISM-1020: Radiances to Irradiances
2020-10-12 22:23:35,073 - ISM - DEBUG    - TOA [0,0] 0.0 [e-]
2020-10-12 22:23:35,073 - ISM - INFO     - EODP-ALG-ISM-1030: Spatial modelling. PSF/MTF
2020-10-12 22:23:35,073 - ISM - INFO     - Calculation of the System MTF
2020-10-12 22:23:35,073 - ISM - DEBUG    - Calculation of 2D relative frequencies
2020-10-12 22:23:35,074 - ISM - DEBUG    - Calculation of the diffraction MTF
2020-10-12 22:26:21,944 - ISM - INFO     - Start of the Instrument Module
2020-10-12 22:26:22,007 - ISM - INFO     - Start of BAND VNIR-0
2020-10-12 22:26:22,009 - ISM - INFO     - EODP-ALG-ISM-1000: Optical stage
2020-10-12 22:26:22,009 - ISM - INFO     - EODP-ALG-ISM-1010: Spectral modelling. ISRF
2020-10-12 22:26:27,929 - ISM - DEBUG    - TOA [0,0] 0.0 [e-]
2020-10-12 22:26:27,932 - ISM - INFO     - EODP-ALG-ISM-1020: Radiances to Irradiances
2020-10-12 22:26:27,933 - ISM - DEBUG    - TOA [0,0] 0.0 [e-]
2020-10-12 22:26:27,933 - ISM - INFO     - EODP-ALG-ISM-1030: Spatial modelling. PSF/MTF
2020-10-12 22:26:27,933 - ISM - INFO     - Calculation of the System MTF
2020-10-12 22:26:27,933 - ISM - DEBUG    - Calculation of 2D relative frequencies
2020-10-12 22:26:27,934 - ISM - DEBUG    - Calculation of the diffraction MTF
2020-10-12 22:32:40,893 - ISM - INFO     - Start of the Instrument Module
2020-10-12 22:32:40,978 - ISM - INFO     - Start of BAND VNIR-0
2020-10-12 22:32:40,980 - ISM - INFO     - EODP-ALG-ISM-1000: Optical stage
2020-10-12 22:32:40,980 - ISM - INFO     - EODP-ALG-ISM-1010: Spectral modelling. ISRF
2020-10-12 22:32:47,144 - ISM - DEBUG    - TOA [0,0] 0.0 [e-]
2020-10-12 22:32:47,147 - ISM - INFO     - EODP-ALG-ISM-1020: Radiances to Irradiances
2020-10-12 22:32:47,148 - ISM - DEBUG    - TOA [0,0] 0.0 [e-]
2020-10-12 22:32:47,148 - ISM - INFO     - EODP-ALG-ISM-1030: Spatial modelling. PSF/MTF
2020-10-12 22:32:47,148 - ISM - INFO     - Calculation of the System MTF
2020-10-12 22:32:47,148 - ISM - DEBUG    - Calculation of 2D relative frequencies
2020-10-12 22:32:47,149 - ISM - DEBUG    - Calculation of the diffraction MTF
2020-10-12 22:33:59,108 - ISM - INFO     - Start of the Instrument Module
2020-10-12 22:33:59,225 - ISM - INFO     - Start of BAND VNIR-0
2020-10-12 22:33:59,227 - ISM - INFO     - EODP-ALG-ISM-1000: Optical stage
2020-10-12 22:33:59,227 - ISM - INFO     - EODP-ALG-ISM-1010: Spectral modelling. ISRF
2020-10-12 22:34:05,506 - ISM - DEBUG    - TOA [0,0] 0.0 [e-]
2020-10-12 22:34:05,510 - ISM - INFO     - EODP-ALG-ISM-1020: Radiances to Irradiances
2020-10-12 22:34:05,510 - ISM - DEBUG    - TOA [0,0] 0.0 [e-]
2020-10-12 22:34:05,510 - ISM - INFO     - EODP-ALG-ISM-1030: Spatial modelling. PSF/MTF
2020-10-12 22:34:05,511 - ISM - INFO     - Calculation of the System MTF
2020-10-12 22:34:05,511 - ISM - DEBUG    - Calculation of 2D relative frequencies
2020-10-12 22:34:05,512 - ISM - DEBUG    - Calculation of the diffraction MTF
2020-10-12 22:37:14,372 - ISM - INFO     - Start of the Instrument Module
2020-10-12 22:37:14,576 - ISM - INFO     - Start of BAND VNIR-0
2020-10-12 22:37:14,586 - ISM - INFO     - EODP-ALG-ISM-1000: Optical stage
2020-10-12 22:37:14,587 - ISM - INFO     - EODP-ALG-ISM-1010: Spectral modelling. ISRF
2020-10-12 22:37:25,944 - ISM - DEBUG    - TOA [0,0] 0.0 [e-]
2020-10-12 22:37:25,949 - ISM - INFO     - EODP-ALG-ISM-1020: Radiances to Irradiances
2020-10-12 22:37:25,950 - ISM - DEBUG    - TOA [0,0] 0.0 [e-]
2020-10-12 22:37:25,950 - ISM - INFO     - EODP-ALG-ISM-1030: Spatial modelling. PSF/MTF
2020-10-12 22:37:25,951 - ISM - INFO     - Calculation of the System MTF
2020-10-12 22:37:25,951 - ISM - DEBUG    - Calculation of 2D relative frequencies
2020-10-12 22:37:25,953 - ISM - DEBUG    - Calculation of the diffraction MTF
2020-10-12 22:44:08,736 - ISM - INFO     - Start of the Instrument Module
2020-10-12 22:44:09,333 - ISM - INFO     - Start of BAND VNIR-0
2020-10-12 22:44:09,340 - ISM - INFO     - EODP-ALG-ISM-1000: Optical stage
2020-10-12 22:44:09,341 - ISM - INFO     - EODP-ALG-ISM-1010: Spectral modelling. ISRF
2020-10-12 22:44:21,023 - ISM - DEBUG    - TOA [0,0] 0.0 [e-]
2020-10-12 22:44:21,027 - ISM - INFO     - EODP-ALG-ISM-1020: Radiances to Irradiances
2020-10-12 22:44:21,028 - ISM - DEBUG    - TOA [0,0] 0.0 [e-]
2020-10-12 22:44:21,028 - ISM - INFO     - EODP-ALG-ISM-1030: Spatial modelling. PSF/MTF
2020-10-12 22:44:21,029 - ISM - INFO     - Calculation of the System MTF
2020-10-12 22:44:21,029 - ISM - DEBUG    - Calculation of 2D relative frequencies
2020-10-12 22:44:21,030 - ISM - DEBUG    - Calculation of the diffraction MTF
2020-10-12 22:45:44,196 - ISM - INFO     - Start of the Instrument Module
2020-10-12 22:45:44,315 - ISM - INFO     - Start of BAND VNIR-0
2020-10-12 22:45:44,317 - ISM - INFO     - EODP-ALG-ISM-1000: Optical stage
2020-10-12 22:45:44,318 - ISM - INFO     - EODP-ALG-ISM-1010: Spectral modelling. ISRF
2020-10-12 22:45:50,990 - ISM - DEBUG    - TOA [0,0] 0.0 [e-]
2020-10-12 22:45:50,993 - ISM - INFO     - EODP-ALG-ISM-1020: Radiances to Irradiances
2020-10-12 22:45:50,994 - ISM - DEBUG    - TOA [0,0] 0.0 [e-]
2020-10-12 22:45:50,994 - ISM - INFO     - EODP-ALG-ISM-1030: Spatial modelling. PSF/MTF
2020-10-12 22:45:50,994 - ISM - INFO     - Calculation of the System MTF
2020-10-12 22:45:50,995 - ISM - DEBUG    - Calculation of 2D relative frequencies
2020-10-12 22:45:50,996 - ISM - DEBUG    - Calculation of the diffraction MTF
2020-10-12 22:49:49,583 - ISM - INFO     - Start of the Instrument Module
2020-10-12 22:49:49,645 - ISM - INFO     - Start of BAND VNIR-0
2020-10-12 22:49:49,650 - ISM - INFO     - EODP-ALG-ISM-1000: Optical stage
2020-10-12 22:49:49,650 - ISM - INFO     - EODP-ALG-ISM-1010: Spectral modelling. ISRF
2020-10-12 22:50:00,700 - ISM - DEBUG    - TOA [0,0] 0.0 [e-]
2020-10-12 22:50:00,704 - ISM - INFO     - EODP-ALG-ISM-1020: Radiances to Irradiances
2020-10-12 22:50:00,705 - ISM - DEBUG    - TOA [0,0] 0.0 [e-]
2020-10-12 22:50:00,706 - ISM - INFO     - EODP-ALG-ISM-1030: Spatial modelling. PSF/MTF
2020-10-12 22:50:00,706 - ISM - INFO     - Calculation of the System MTF
2020-10-12 22:50:00,707 - ISM - DEBUG    - Calculation of 2D relative frequencies
2020-10-12 22:50:00,708 - ISM - DEBUG    - Calculation of the diffraction MTF
2020-10-12 22:50:32,451 - ISM - INFO     - Start of the Instrument Module
2020-10-12 22:50:32,509 - ISM - INFO     - Start of BAND VNIR-0
2020-10-12 22:50:32,512 - ISM - INFO     - EODP-ALG-ISM-1000: Optical stage
2020-10-12 22:50:32,512 - ISM - INFO     - EODP-ALG-ISM-1010: Spectral modelling. ISRF
2020-10-12 22:50:38,581 - ISM - DEBUG    - TOA [0,0] 0.0 [e-]
2020-10-12 22:50:38,584 - ISM - INFO     - EODP-ALG-ISM-1020: Radiances to Irradiances
2020-10-12 22:50:38,584 - ISM - DEBUG    - TOA [0,0] 0.0 [e-]
2020-10-12 22:50:38,584 - ISM - INFO     - EODP-ALG-ISM-1030: Spatial modelling. PSF/MTF
2020-10-12 22:50:38,585 - ISM - INFO     - Calculation of the System MTF
2020-10-12 22:50:38,585 - ISM - DEBUG    - Calculation of 2D relative frequencies
2020-10-12 22:50:38,585 - ISM - DEBUG    - Calculation of the diffraction MTF
2020-10-13 12:07:18,480 - ISM - INFO     - Start of the Instrument Module
2020-10-13 12:07:18,620 - ISM - INFO     - Start of BAND VNIR-0
2020-10-13 12:07:18,622 - ISM - INFO     - EODP-ALG-ISM-1000: Optical stage
2020-10-13 12:07:18,622 - ISM - INFO     - EODP-ALG-ISM-1010: Spectral modelling. ISRF
2020-10-13 12:07:21,968 - ISM - DEBUG    - TOA [0,0] 0.0 [e-]
2020-10-13 12:07:21,973 - ISM - INFO     - EODP-ALG-ISM-1020: Radiances to Irradiances
2020-10-13 12:07:21,973 - ISM - DEBUG    - TOA [0,0] 0.0 [e-]
2020-10-13 12:07:21,973 - ISM - INFO     - EODP-ALG-ISM-1030: Spatial modelling. PSF/MTF
2020-10-13 12:07:21,974 - ISM - INFO     - Calculation of the System MTF
2020-10-13 12:07:21,974 - ISM - DEBUG    - Calculation of 2D relative frequencies
2020-10-13 12:07:21,974 - ISM - DEBUG    - Calculation of the diffraction MTF
2020-10-13 12:12:41,266 - ISM - INFO     - Start of the Instrument Module
2020-10-13 12:12:41,333 - ISM - INFO     - Start of BAND VNIR-0
2020-10-13 12:12:41,338 - ISM - INFO     - EODP-ALG-ISM-1000: Optical stage
2020-10-13 12:12:41,338 - ISM - INFO     - EODP-ALG-ISM-1010: Spectral modelling. ISRF
2020-10-13 12:12:47,652 - ISM - DEBUG    - TOA [0,0] 0.0 [e-]
2020-10-13 12:12:47,655 - ISM - INFO     - EODP-ALG-ISM-1020: Radiances to Irradiances
2020-10-13 12:12:47,655 - ISM - DEBUG    - TOA [0,0] 0.0 [e-]
2020-10-13 12:12:47,655 - ISM - INFO     - EODP-ALG-ISM-1030: Spatial modelling. PSF/MTF
2020-10-13 12:12:47,656 - ISM - INFO     - Calculation of the System MTF
2020-10-13 12:12:47,656 - ISM - DEBUG    - Calculation of 2D relative frequencies
2020-10-13 12:12:47,657 - ISM - DEBUG    - Calculation of the diffraction MTF
2020-10-13 12:35:51,460 - ISM - INFO     - Start of the Instrument Module
2020-10-13 12:35:51,806 - ISM - INFO     - Start of BAND VNIR-0
2020-10-13 12:35:51,824 - ISM - INFO     - EODP-ALG-ISM-1000: Optical stage
2020-10-13 12:35:51,825 - ISM - INFO     - EODP-ALG-ISM-1010: Spectral modelling. ISRF
2020-10-13 12:36:11,104 - ISM - DEBUG    - TOA [0,0] 0.0 [e-]
2020-10-13 12:36:11,125 - ISM - INFO     - EODP-ALG-ISM-1020: Radiances to Irradiances
2020-10-13 12:36:11,126 - ISM - DEBUG    - TOA [0,0] 0.0 [e-]
2020-10-13 12:36:11,127 - ISM - INFO     - EODP-ALG-ISM-1030: Spatial modelling. PSF/MTF
2020-10-13 12:36:11,128 - ISM - INFO     - Calculation of the System MTF
2020-10-13 12:36:11,128 - ISM - DEBUG    - Calculation of 2D relative frequencies
2020-10-13 12:36:11,130 - ISM - DEBUG    - Calculation of the diffraction MTF
2020-10-13 12:37:36,599 - ISM - INFO     - Start of the Instrument Module
2020-10-13 12:37:36,851 - ISM - INFO     - Start of BAND VNIR-0
2020-10-13 12:37:36,877 - ISM - INFO     - EODP-ALG-ISM-1000: Optical stage
2020-10-13 12:37:36,877 - ISM - INFO     - EODP-ALG-ISM-1010: Spectral modelling. ISRF
2020-10-13 12:37:54,829 - ISM - DEBUG    - TOA [0,0] 0.0 [e-]
2020-10-13 12:37:54,843 - ISM - INFO     - EODP-ALG-ISM-1020: Radiances to Irradiances
2020-10-13 12:37:54,844 - ISM - DEBUG    - TOA [0,0] 0.0 [e-]
2020-10-13 12:37:54,845 - ISM - INFO     - EODP-ALG-ISM-1030: Spatial modelling. PSF/MTF
2020-10-13 12:37:54,845 - ISM - INFO     - Calculation of the System MTF
2020-10-13 12:37:54,852 - ISM - DEBUG    - Calculation of 2D relative frequencies
2020-10-13 12:37:54,853 - ISM - DEBUG    - Calculation of the diffraction MTF
2020-10-13 12:39:29,135 - ISM - INFO     - Start of the Instrument Module
2020-10-13 12:39:29,222 - ISM - INFO     - Start of BAND VNIR-0
2020-10-13 12:39:29,229 - ISM - INFO     - EODP-ALG-ISM-1000: Optical stage
2020-10-13 12:39:29,230 - ISM - INFO     - EODP-ALG-ISM-1010: Spectral modelling. ISRF
2020-10-13 12:39:48,658 - ISM - DEBUG    - TOA [0,0] 0.0 [e-]
2020-10-13 12:39:48,665 - ISM - INFO     - EODP-ALG-ISM-1020: Radiances to Irradiances
2020-10-13 12:39:48,666 - ISM - DEBUG    - TOA [0,0] 0.0 [e-]
2020-10-13 12:39:48,667 - ISM - INFO     - EODP-ALG-ISM-1030: Spatial modelling. PSF/MTF
2020-10-13 12:39:48,669 - ISM - INFO     - Calculation of the System MTF
2020-10-13 12:39:48,670 - ISM - DEBUG    - Calculation of 2D relative frequencies
2020-10-13 12:39:48,672 - ISM - DEBUG    - Calculation of the diffraction MTF
2020-10-13 12:51:34,698 - ISM - INFO     - Start of the Instrument Module
2020-10-13 12:51:34,822 - ISM - INFO     - Start of BAND VNIR-0
2020-10-13 12:51:34,846 - ISM - INFO     - EODP-ALG-ISM-1000: Optical stage
2020-10-13 12:51:34,846 - ISM - INFO     - EODP-ALG-ISM-1010: Spectral modelling. ISRF
2020-10-13 12:51:53,117 - ISM - DEBUG    - TOA [0,0] 0.0 [e-]
2020-10-13 12:51:53,126 - ISM - INFO     - EODP-ALG-ISM-1020: Radiances to Irradiances
2020-10-13 12:51:53,127 - ISM - DEBUG    - TOA [0,0] 0.0 [e-]
2020-10-13 12:51:53,128 - ISM - INFO     - EODP-ALG-ISM-1030: Spatial modelling. PSF/MTF
2020-10-13 12:51:53,129 - ISM - INFO     - Calculation of the System MTF
2020-10-13 12:51:53,130 - ISM - DEBUG    - Calculation of 2D relative frequencies
2020-10-13 12:51:53,135 - ISM - DEBUG    - Calculation of the diffraction MTF
2020-10-13 12:52:45,104 - ISM - INFO     - Start of the Instrument Module
2020-10-13 12:52:45,240 - ISM - INFO     - Start of BAND VNIR-0
2020-10-13 12:52:45,245 - ISM - INFO     - EODP-ALG-ISM-1000: Optical stage
2020-10-13 12:52:45,246 - ISM - INFO     - EODP-ALG-ISM-1010: Spectral modelling. ISRF
2020-10-13 12:52:54,978 - ISM - DEBUG    - TOA [0,0] 0.0 [e-]
2020-10-13 12:52:54,983 - ISM - INFO     - EODP-ALG-ISM-1020: Radiances to Irradiances
2020-10-13 12:52:54,984 - ISM - DEBUG    - TOA [0,0] 0.0 [e-]
2020-10-13 12:52:54,984 - ISM - INFO     - EODP-ALG-ISM-1030: Spatial modelling. PSF/MTF
2020-10-13 12:52:54,984 - ISM - INFO     - Calculation of the System MTF
2020-10-13 12:52:54,984 - ISM - DEBUG    - Calculation of 2D relative frequencies
2020-10-13 12:52:54,985 - ISM - DEBUG    - Calculation of the diffraction MTF
2020-10-13 12:52:55,044 - ISM - DEBUG    - Calculation of the Sysmtem MTF by multiplying the different contributors
2020-10-13 12:52:56,435 - ISM - DEBUG    - Saved image /home/renefiedel/Documents/EO DATA PROCESSING/EODP/EODP/Output/ism_output//system_mtf_cutAct_VNIR-0
2020-10-13 12:52:57,400 - ISM - DEBUG    - Saved image /home/renefiedel/Documents/EO DATA PROCESSING/EODP/EODP/Output/ism_output//system_mtf_cutAlt_VNIR-0
2020-10-13 12:52:58,600 - ISM - DEBUG    - TOA [0,0] 0.0 [e-]
2020-10-13 12:53:00,106 - ISM - INFO     - End of BAND VNIR-0
2020-10-13 12:53:00,106 - ISM - INFO     - Start of BAND VNIR-1
2020-10-13 12:53:00,110 - ISM - INFO     - EODP-ALG-ISM-1000: Optical stage
2020-10-13 12:53:00,111 - ISM - INFO     - EODP-ALG-ISM-1010: Spectral modelling. ISRF
2020-10-13 12:53:09,304 - ISM - DEBUG    - TOA [0,0] 0.0 [e-]
2020-10-13 12:53:09,308 - ISM - INFO     - EODP-ALG-ISM-1020: Radiances to Irradiances
2020-10-13 12:53:09,308 - ISM - DEBUG    - TOA [0,0] 0.0 [e-]
2020-10-13 12:53:09,309 - ISM - INFO     - EODP-ALG-ISM-1030: Spatial modelling. PSF/MTF
2020-10-13 12:53:09,309 - ISM - INFO     - Calculation of the System MTF
2020-10-13 12:53:09,309 - ISM - DEBUG    - Calculation of 2D relative frequencies
2020-10-13 12:53:09,310 - ISM - DEBUG    - Calculation of the diffraction MTF
2020-10-13 12:53:09,325 - ISM - DEBUG    - Calculation of the Sysmtem MTF by multiplying the different contributors
2020-10-13 12:53:10,145 - ISM - DEBUG    - Saved image /home/renefiedel/Documents/EO DATA PROCESSING/EODP/EODP/Output/ism_output//system_mtf_cutAct_VNIR-1
2020-10-13 12:53:10,955 - ISM - DEBUG    - Saved image /home/renefiedel/Documents/EO DATA PROCESSING/EODP/EODP/Output/ism_output//system_mtf_cutAlt_VNIR-1
2020-10-13 12:53:11,921 - ISM - DEBUG    - TOA [0,0] 0.0 [e-]
2020-10-13 12:53:13,706 - ISM - INFO     - End of BAND VNIR-1
2020-10-13 12:53:13,707 - ISM - INFO     - Start of BAND VNIR-2
2020-10-13 12:53:13,713 - ISM - INFO     - EODP-ALG-ISM-1000: Optical stage
2020-10-13 12:53:13,713 - ISM - INFO     - EODP-ALG-ISM-1010: Spectral modelling. ISRF
2020-10-13 12:53:25,124 - ISM - DEBUG    - TOA [0,0] 0.0 [e-]
2020-10-13 12:53:25,128 - ISM - INFO     - EODP-ALG-ISM-1020: Radiances to Irradiances
2020-10-13 12:53:25,129 - ISM - DEBUG    - TOA [0,0] 0.0 [e-]
2020-10-13 12:53:25,130 - ISM - INFO     - EODP-ALG-ISM-1030: Spatial modelling. PSF/MTF
2020-10-13 12:53:25,130 - ISM - INFO     - Calculation of the System MTF
2020-10-13 12:53:25,130 - ISM - DEBUG    - Calculation of 2D relative frequencies
2020-10-13 12:53:25,132 - ISM - DEBUG    - Calculation of the diffraction MTF
2020-10-13 12:53:25,184 - ISM - DEBUG    - Calculation of the Sysmtem MTF by multiplying the different contributors
2020-10-13 12:53:26,372 - ISM - DEBUG    - Saved image /home/renefiedel/Documents/EO DATA PROCESSING/EODP/EODP/Output/ism_output//system_mtf_cutAct_VNIR-2
2020-10-13 12:53:27,232 - ISM - DEBUG    - Saved image /home/renefiedel/Documents/EO DATA PROCESSING/EODP/EODP/Output/ism_output//system_mtf_cutAlt_VNIR-2
2020-10-13 12:53:28,166 - ISM - DEBUG    - TOA [0,0] 0.0 [e-]
2020-10-13 12:53:29,723 - ISM - INFO     - End of BAND VNIR-2
2020-10-13 12:53:29,723 - ISM - INFO     - Start of BAND VNIR-3
2020-10-13 12:53:29,726 - ISM - INFO     - EODP-ALG-ISM-1000: Optical stage
2020-10-13 12:53:29,727 - ISM - INFO     - EODP-ALG-ISM-1010: Spectral modelling. ISRF
2020-10-13 12:53:44,212 - ISM - DEBUG    - TOA [0,0] 0.0 [e-]
2020-10-13 12:53:44,217 - ISM - INFO     - EODP-ALG-ISM-1020: Radiances to Irradiances
2020-10-13 12:53:44,217 - ISM - DEBUG    - TOA [0,0] 0.0 [e-]
2020-10-13 12:53:44,218 - ISM - INFO     - EODP-ALG-ISM-1030: Spatial modelling. PSF/MTF
2020-10-13 12:53:44,218 - ISM - INFO     - Calculation of the System MTF
2020-10-13 12:53:44,218 - ISM - DEBUG    - Calculation of 2D relative frequencies
2020-10-13 12:53:44,219 - ISM - DEBUG    - Calculation of the diffraction MTF
2020-10-13 12:53:44,239 - ISM - DEBUG    - Calculation of the Sysmtem MTF by multiplying the different contributors
2020-10-13 12:53:46,087 - ISM - DEBUG    - Saved image /home/renefiedel/Documents/EO DATA PROCESSING/EODP/EODP/Output/ism_output//system_mtf_cutAct_VNIR-3
2020-10-13 12:53:47,967 - ISM - DEBUG    - Saved image /home/renefiedel/Documents/EO DATA PROCESSING/EODP/EODP/Output/ism_output//system_mtf_cutAlt_VNIR-3
2020-10-13 12:53:50,285 - ISM - DEBUG    - TOA [0,0] 0.0 [e-]
2020-10-13 12:53:52,643 - ISM - INFO     - End of BAND VNIR-3
2020-10-13 12:53:52,643 - ISM - INFO     - End of the Instrument Module!
